<?xml version="1.0" encoding="UTF-8"?>
<!-- Generated by org.testng.reporters.JUnitXMLReporter -->
<testsuite ignored="1" hostname="DESKTOP-BD4RVIL" failures="0" tests="2" name="Default test" time="4.93" errors="0" timestamp="2024-12-27T16:47:39 EET">
  <testcase classname="StandardUser.MianTestCases" name="LogIn" time="2.066"/>
  <testcase classname="StandardUser.MianTestCases" name="AddToCartItem" time="0.232"/>
  <testcase classname="StandardUser.MianTestCases" name="RemoveToCartItem" time="0.0">
    <ignored/>
  </testcase> <!-- RemoveToCartItem -->
</testsuite> <!-- Default test -->
