<?xml version="1.0" encoding="UTF-8"?>
<testng-results ignored="1" total="3" passed="2" failed="0" skipped="0">
  <reporter-output>
  </reporter-output>
  <suite started-at="2024-12-27T16:47:34 EET" name="Default suite" finished-at="2024-12-27T16:47:39 EET" duration-ms="4930">
    <groups>
    </groups>
    <test started-at="2024-12-27T16:47:34 EET" name="Default test" finished-at="2024-12-27T16:47:39 EET" duration-ms="4930">
      <class name="StandardUser.MianTestCases">
        <test-method is-config="true" signature="MySetup()[pri:0, instance:StandardUser.MianTestCases@708400f6]" started-at="2024-12-27T16:47:34 EET" name="MySetup" finished-at="2024-12-27T16:47:35 EET" duration-ms="1303" status="PASS">
          <reporter-output>
          </reporter-output>
        </test-method> <!-- MySetup -->
        <test-method signature="LogIn()[pri:1, instance:StandardUser.MianTestCases@708400f6]" started-at="2024-12-27T16:47:35 EET" name="LogIn" finished-at="2024-12-27T16:47:37 EET" duration-ms="2066" status="PASS">
          <reporter-output>
          </reporter-output>
        </test-method> <!-- LogIn -->
        <test-method signature="AddToCartItem()[pri:2, instance:StandardUser.MianTestCases@708400f6]" started-at="2024-12-27T16:47:37 EET" name="AddToCartItem" finished-at="2024-12-27T16:47:37 EET" duration-ms="232" status="PASS">
          <reporter-output>
          </reporter-output>
        </test-method> <!-- AddToCartItem -->
        <test-method is-config="true" signature="PostTesting()[pri:0, instance:StandardUser.MianTestCases@708400f6]" started-at="2024-12-27T16:47:37 EET" name="PostTesting" finished-at="2024-12-27T16:47:39 EET" duration-ms="1296" status="PASS">
          <reporter-output>
          </reporter-output>
        </test-method> <!-- PostTesting -->
      </class> <!-- StandardUser.MianTestCases -->
    </test> <!-- Default test -->
  </suite> <!-- Default suite -->
</testng-results>
